c:\users\taq761\downloads\team6project\team6project\debug\vc120.pdb
c:\users\taq761\downloads\team6project\team6project\debug\vc120.idb
c:\users\taq761\downloads\team6project\team6project\debug\cryptomain_initial.obj
c:\users\taq761\downloads\team6project\team6project\debug\cryptomain_initial.cod
c:\users\taq761\downloads\team6project\team6project\debug\decryptdata_initial.obj
c:\users\taq761\downloads\team6project\team6project\debug\decryptdata_initial.cod
c:\users\taq761\downloads\team6project\team6project\debug\encryptdata_initial.obj
c:\users\taq761\downloads\team6project\team6project\debug\encryptdata_initial.cod
c:\users\taq761\downloads\team6project\team6project\debug\sha-256.obj
c:\users\taq761\downloads\team6project\team6project\debug\sha-256.cod
c:\users\taq761\downloads\team6project\team6project\debug\team6project.ilk
c:\users\taq761\downloads\team6project\team6project\debug\team6project.exe
c:\users\taq761\downloads\team6project\team6project\debug\team6project.pdb
c:\users\taq761\downloads\team6project\team6project\.\debug\team6project.exe
c:\users\taq761\downloads\team6project\team6project\debug\team6project.tlog\cl.command.1.tlog
c:\users\taq761\downloads\team6project\team6project\debug\team6project.tlog\cl.read.1.tlog
c:\users\taq761\downloads\team6project\team6project\debug\team6project.tlog\cl.read.2.tlog
c:\users\taq761\downloads\team6project\team6project\debug\team6project.tlog\cl.read.3.tlog
c:\users\taq761\downloads\team6project\team6project\debug\team6project.tlog\cl.read.4.tlog
c:\users\taq761\downloads\team6project\team6project\debug\team6project.tlog\cl.read.5.tlog
c:\users\taq761\downloads\team6project\team6project\debug\team6project.tlog\cl.write.1.tlog
c:\users\taq761\downloads\team6project\team6project\debug\team6project.tlog\link.command.1.tlog
c:\users\taq761\downloads\team6project\team6project\debug\team6project.tlog\link.read.1.tlog
c:\users\taq761\downloads\team6project\team6project\debug\team6project.tlog\link.write.1.tlog
